
  RAR 2.00      Copyright (c) 1993-96 Eugene Roshal      8 May 1996
  Shareware version        Type RAR -? for help

 Extracting from REC.RAR

 Skipping    TRTS\RTSMAINI.ASI                                       
 Skipping    TRTS\RTSMAINM.ASI                                       
 Skipping    TRTS\RTSMAINT.ASI                                       
 Extracting  TRTS\FP.ASM                                              Ok
 Extracting  ASM\LOWLEVEL.ASM                                         Ok
 Extracting  TRTS\RTS87.ASM                                           Ok
 Extracting  TRTS\RTSCOROU.ASM                                        Ok
 Extracting  TRTS\RTSDEVIC.ASM                                        Ok
 Extracting  TRTS\RTSERROR.ASM                                        Ok
 Extracting  TRTS\RTSINTER.ASM                                        Ok
 Extracting  TRTS\RTSINTPR.ASM                                        Ok
 Extracting  TRTS\RTSLANGU.ASM                                        Ok
 Extracting  TRTS\RTSM87.ASM                                          Ok
 Extracting  TRTS\RTSMAIN.ASM                                         Ok
 Extracting  TRTS\RTSMONEX.ASM                                        Ok
 Extracting  TRTS\RTSPRIOR.ASM                                        Ok
 Extracting  TRTS\RTSREALE.ASM                                        Ok
 Extracting  ASM\XMS.ASM                                              Ok
 Skipping    BAT\ARJ_NEW.BAT                                         
 Skipping    BAT\ARJ_SAV1.BAT                                        
 Skipping    BAT\ARJ_SAVE.BAT                                        
 Skipping    TRTS\ASM.BAT                                            
 Skipping    TRTS\ASMC.BAT                                           
 Skipping    BAT\CAG.BAT                                             
 Skipping    BAT\CAH.BAT                                             
 Skipping    BAT\CAL.BAT                                             
 Skipping    BAT\CAN.BAT                                             
 Skipping    BAT\CASRC.BAT                                           
 Skipping    BAT\CAV.BAT                                             
 Skipping    BAT\CDME.BAT                                            
 Skipping    BAT\CLEARALL.BAT                                        
 Extracting  CMDFILE.BAT                                              Ok
 Skipping    SRC\CMDFILE.BAT                                         
 Skipping    BAT\CMODULA.BAT                                         
 Skipping    BAT\CPG.BAT                                             
 Skipping    BAT\CPH.BAT                                             
 Skipping    BAT\CPL.BAT                                             
 Skipping    BAT\CPMD.BAT                                            
 Skipping    BAT\CPN.BAT                                             
 Skipping    BAT\CPT.BAT                                             
 Skipping    BAT\CPV.BAT                                             
 Skipping    BAT\CSRC.BAT                                            
 Skipping    BAT\DELALL.BAT                                          
 Skipping    BAT\DGPS.BAT                                            
 Skipping    BAT\DO-DATE.BAT                                         
 Skipping    BAT\DO-PMD.BAT                                          
 Skipping    BAT\DO-PRACY.BAT                                        
 Skipping    BAT\DO-RT.BAT                                           
 Skipping    SYM_DB.SRC\DO_PRACY.BAT                                 
 Skipping    SYM_DB.SRC\TVISION.SRC\DO_PRACY.BAT                     
 Skipping    TRTS\DTCASMLS.BAT                                       
 Skipping    BAT\DZIS.BAT                                            
 Skipping    BAT\GS.BAT                                              
 Skipping    BAT\GSA.BAT                                             
 Skipping    TRTS\L.BAT                                              
 Extracting  BAT\LASTCFG.BAT                                          Ok
 Skipping    SYM_DB.SRC\LATIN2.BAT                                   
 Skipping    TRTS\LIB_DTC.BAT                                        
 Skipping    TRTS\LIB_MAP.BAT                                        
 Skipping    TRTS\LIB_PC.BAT                                         
 Skipping    TRTS\LIB_PC_C.BAT                                       
 Skipping    TRTS\LIB_PC_M.BAT                                       
 Skipping    BAT\LOC.BAT                                             
 Skipping    BAT\LOCA.BAT                                            
 Skipping    BAT\LP.BAT                                              
 Skipping    BAT\LT.BAT                                              
 Skipping    BAT\LV.BAT                                              
 Skipping    TRTS\MA.BAT                                             
 Skipping    BAT\MAG.BAT                                             
 Skipping    BAT\MAH.BAT                                             
 Extracting  MAIN.BAT                                                 Ok
 Creating    TESTY                                                    Ok
 Extracting  TESTY\MAINR.BAT                                          Ok
 Skipping    BAT\MAL.BAT                                             
 Skipping    BAT\MALL.BAT                                            
 Skipping    BAT\MAN.BAT                                             
 Skipping    BAT\MANAGER.BAT                                         
 Skipping    BAT\MAT.BAT                                             
 Skipping    BAT\MAV.BAT                                             
 Skipping    SYM_DB.SRC\MAZOVIA.BAT                                  
 Skipping    BAT\MDB.BAT                                             
 Skipping    BAT\MDBDIR.BAT                                          
 Skipping    BAT\ME.BAT                                              
 Skipping    BAT\MODCFG.BAT                                          
 Skipping    BAT\MODCFGNC.BAT                                        
 Skipping    BAT\MPG.BAT                                             
 Skipping    BAT\MPH.BAT                                             
 Skipping    BAT\MPIG1.BAT                                           
 Skipping    BAT\MPK.BAT                                             
 Skipping    BAT\MPL.BAT                                             
 Skipping    BAT\MPM.BAT                                             
 Skipping    BAT\MPN.BAT                                             
 Skipping    BAT\MPT.BAT                                             
 Skipping    BAT\MPV.BAT                                             
 Skipping    BAT\MSM.BAT                                             
 Skipping    BAT\MSYM.BAT                                            
 Skipping    BAT\NDB.BAT                                             
 Skipping    BAT\NDBA.BAT                                            
 Skipping    BAT\PAG.BAT                                             
 Skipping    BAT\PAH.BAT                                             
 Skipping    BAT\PAL.BAT                                             
 Skipping    BAT\PAN.BAT                                             
 Skipping    BAT\PAT.BAT                                             
 Skipping    BAT\PAV.BAT                                             
 Skipping    BAT\PLLIT.BAT                                           
 Skipping    BAT\PNT.BAT                                             
 Skipping    BAT\PPG.BAT                                             
 Skipping    BAT\PPH.BAT                                             
 Skipping    BAT\PPL.BAT                                             
 Skipping    BAT\PPN.BAT                                             
 Skipping    BAT\PPT.BAT                                             
 Skipping    BAT\PPV.BAT                                             
 Skipping    BAT\S.BAT                                               
 Skipping    SYM_DB.SRC\S.BAT                                        
 Skipping    SYM_DB.SRC\S1.BAT                                       
 Skipping    SYM_DB.SRC\TVISION.SRC\SAVE.BAT                         
 Skipping    SYM_DB.SRC\T.BAT                                        
 Skipping    BAT\TRS.BAT                                             
 Skipping    BAT\TRSA.BAT                                            
 Skipping    SYM_DB.SRC\V.BAT                                        
 Skipping    BAT\VHF.BAT                                             
 Skipping    BAT\VHFA.BAT                                            
 Skipping    BAT\VOR.BAT                                             
 Skipping    BAT\VORA.BAT                                            
 Skipping    DIB\GS-CO.BMP                                           
 Skipping    DIB\LOC-CO.BMP                                          
 Skipping    DIB\NDB-CO.BMP                                          
 Skipping    DIB\PK.BMP                                              
 Skipping    DIB\TRS-CO.BMP                                          
 Skipping    DIB\VHF-CO.BMP                                          
 Skipping    DIB\VOR-TYT.BMP                                         
 Skipping    DIB\VORA-TYT.BMP                                        
 Skipping    CDR\CFIS1.CDR                                           
 Skipping    CDR\GPS_REF.CDR                                         
 Skipping    CDR\GS-CO.CDR                                           
 Skipping    CDR\LOC-CO.CDR                                          
 Skipping    CDR\NDB-CO.CDR                                          
 Skipping    CDR\PK.CDR                                              
 Skipping    CDR\PRINT.CDR                                           
 Skipping    CDR\TRS-TYT.CDR                                         
 Skipping    CDR\VHF-CO.CDR                                          
 Skipping    CDR\VOR-TYT.CDR                                         
 Skipping    SYM_DB.SRC\SYM_DAT\AGCFLGM.DAT                          
 Skipping    SYM_DB.SRC\SYM_DAT\AGCFLGR.DAT                          
 Skipping    SYM_DB.SRC\SYM_DAT\BLAD.DAT                             
 Skipping    SYM_DB.SRC\SYM_DAT\CLEAR.DAT                            
 Skipping    SYM_DB.SRC\SYM_DAT\CLEAR1.DAT                           
 Skipping    SYM_DB.SRC\SYM_DAT\FALA.DAT                             
 Skipping    SYM_DB.SRC\SYM_DAT\GS1.DAT                              
 Skipping    SYM_DB.SRC\SYM_DAT\GS2.DAT                              
 Skipping    SYM_DB.SRC\SYM_DAT\GS3.DAT                              
 Skipping    SYM_DB.SRC\SYM_DAT\GSSEKT.DAT                           
 Skipping    SYM_DB.SRC\SYM_DAT\GSSZER.DAT                           
 Skipping    SYM_DB.SRC\SYM_DAT\GSWASKI.DAT                          
 Skipping    SYM_DB.SRC\SYM_DAT\ILS1L.DAT                            
 Skipping    SYM_DB.SRC\SYM_DAT\ILS1P.DAT                            
 Skipping    SYM_DB.SRC\SYM_DAT\ILS2.DAT                             
 Skipping    SYM_DB.SRC\SYM_DAT\ILS3.DAT                             
 Skipping    SYM_DB.SRC\SYM_DAT\ILS4.DAT                             
 Skipping    SYM_DB.SRC\SYM_DAT\ILS5.DAT                             
 Skipping    SYM_DB.SRC\SYM_DAT\LIN.DAT                              
 Skipping    SYM_DB.SRC\SYM_DAT\LOCB.DAT                             
 Skipping    SYM_DB.SRC\SYM_DAT\NAMIAR.DAT                           
 Skipping    SYM_DB.SRC\SYM_DAT\NAMIAR1.DAT                          
 Skipping    SYM_DB.SRC\SYM_DAT\NAMIAR2.DAT                          
 Skipping    SYM_DB.SRC\SYM_DAT\NAMIAR3.DAT                          
 Skipping    SYM_DB.SRC\SYM_DAT\NAMIAR4.DAT                          
 Skipping    SYM_DB.SRC\SYM_DAT\OKRAG.DAT                            
 Skipping    SYM_DB.SRC\SYM_DAT\OKRAG1.DAT                           
 Skipping    SYM_DB.SRC\SYM_DAT\OKRAG2.DAT                           
 Skipping    SYM_DB.SRC\SYM_DAT\OKRAG3.DAT                           
 Skipping    SYM_DB.SRC\SYM_DAT\PI.DAT                               
 Skipping    SYM_DB.SRC\SYM_DAT\PI1.DAT                              
 Skipping    SYM_DB.SRC\SYM_DAT\POZN1.DAT                            
 Skipping    SYM_DB.SRC\SYM_DAT\POZN2.DAT                            
 Skipping    SYM_DB.SRC\SYM_DAT\POZN3.DAT                            
 Skipping    SYM_DB.SRC\SYM_DAT\POZN4.DAT                            
 Skipping    SYM_DB.SRC\SYM_DAT\POZN6.DAT                            
 Skipping    SYM_DB.SRC\SYM_DAT\POZN7.DAT                            
 Skipping    SYM_DB.SRC\SYM_DAT\POZN8.DAT                            
 Skipping    SYM_DB.SRC\SYM_DAT\SAT.DAT                              
 Skipping    SYM_DB.SRC\SYM_DAT\VOR_FAL.DAT                          
 Skipping    SYM_DB.SRC\SYM_DAT\WARS10.DAT                           
 Skipping    SYM_DB.SRC\SYM_DAT\WARS7.DAT                            
 Skipping    SYM_DB.SRC\SYM_DAT\WARS8.DAT                            
 Skipping    SYM_DB.SRC\SYM_DAT\WARSZ1.DAT                           
 Skipping    SYM_DB.SRC\SYM_DAT\WARSZ11.DAT                          
 Skipping    SYM_DB.SRC\SYM_DAT\WARSZ2.DAT                           
 Skipping    SYM_DB.SRC\SYM_DAT\WARSZ3.DAT                           
 Skipping    SYM_DB.SRC\SYM_DAT\WARSZ4.DAT                           
 Skipping    SYM_DB.SRC\SYM_DAT\WM1.DAT                              
 Skipping    SYM_DB.SRC\SYM_DAT\WM2.DAT                              
 Skipping    SYM_DB.SRC\SYM_DAT\WM3.DAT                              
 Extracting  SRC\ADFANGLE.DEF                                         Ok
 Extracting  SYM_DB.SRC\ADFFLIGH.DEF                                  Ok
 Extracting  SRC\ALTINTER.DEF                                         Ok
 Extracting  SRC\ANALI_C_.DEF                                         Ok
 Extracting  SYM_DB.SRC\ANGLEFLI.DEF                                  Ok
 Extracting  SYM_DB.SRC\ANGLEVOR.DEF                                  Ok
 Extracting  SYM_DB.SRC\TVISION.SRC\APP.DEF                           Ok
 Extracting  SYM_DB.SRC\DEF\APP.DEF                                   Ok
 Extracting  SRC\ARINC.DEF                                            Ok
 Extracting  SYM_DB.SRC\ARINC.DEF                                     Ok
 Extracting  SYM_DB.SRC\ARINCSER.DEF                                  Ok
 Extracting  SYM_DB.SRC\TVISION.SRC\BUFFERS.DEF                       Ok
 Extracting  SYM_DB.SRC\DEF\BUFFERS.DEF                               Ok
 Extracting  SYM_DB.SRC\DEF\BUFSTREA.DEF                              Ok
 Extracting  SYM_DB.SRC\TVISION.SRC\BUFSTREA.DEF                      Ok
 Extracting  SYM_DB.SRC\DEF\BUTTONS.DEF                               Ok
 Extracting  SYM_DB.SRC\TVISION.SRC\BUTTONS.DEF                       Ok
 Extracting  SRC\BUTTONS.DEF                                          Ok
 Extracting  SYM_DB.SRC\DEF\CHECKBOX.DEF                              Ok
 Extracting  SYM_DB.SRC\TVISION.SRC\CHECKBOX.DEF                      Ok
 Extracting  SRC\CHRONOME.DEF                                         Ok
 Extracting  SYM_DB.SRC\CIRCLEFL.DEF                                  Ok
 Extracting  SYM_DB.SRC\CIRCLEVO.DEF                                  Ok
 Extracting  SYM_DB.SRC\DEF\CLUSTERS.DEF                              Ok
 Extracting  SYM_DB.SRC\TVISION.SRC\CLUSTERS.DEF                      Ok
 Extracting  SRC\COCPDSP.DEF                                          Ok
 Extracting  SYM_DB.SRC\DEF\COLLECTI.DEF                              Ok
 Extracting  SYM_DB.SRC\TVISION.SRC\COLLECTI.DEF                      Ok
 Extracting  SYM_DB.SRC\TVISION.SRC\COMMANDS.DEF                      Ok
 Extracting  SYM_DB.SRC\DEF\COMMANDS.DEF                              Ok
 Extracting  SRC\COMMONDA.DEF                                         Ok
 Extracting  SRC\COMMONTY.DEF                                         Ok
 Extracting  SYM_DB.SRC\COMMTYPE.DEF                                  Ok
 Extracting  SRC\CTRLBREA.DEF                                         Ok
 Extracting  SRC\CZAS.DEF                                             Ok
 Extracting  SYM_DB.SRC\DATA.DEF                                      Ok
 Extracting  SRC\DATACOLL.DEF                                         Ok
 Extracting  SYM_DB.SRC\DB_COMMO.DEF                                  Ok
 Extracting  SRC\DB_STRUC.DEF                                         Ok
 Extracting  SYM_DB.SRC\DB_UTL.DEF                                    Ok
 Extracting  SRC\DEWIACJE.DEF                                         Ok
 Extracting  SRC\DGHINI.DEF                                           Ok
 Extracting  SRC\DGHINTER.DEF                                         Ok
 Extracting  SRC\DGH_UTIL.DEF                                         Ok
 Extracting  SRC\DIALOG.DEF                                           Ok
 Extracting  SYM_DB.SRC\TVISION.SRC\DIALOGS.DEF                       Ok
 Extracting  SYM_DB.SRC\DEF\DIALOGS.DEF                               Ok
 Extracting  SRC\DIGIRS.DEF                                           Ok
 Extracting  SRC\DISRESUT.DEF                                         Ok
 Extracting  SYM_DB.SRC\TVISION.SRC\DLG.DEF                           Ok
 Extracting  SYM_DB.SRC\DEF\DLG.DEF                                   Ok
 Extracting  SYM_DB.SRC\DMEADF.DEF                                    Ok
 Extracting  SYM_DB.SRC\DMEADFFL.DEF                                  Ok
 Extracting  SYM_DB.SRC\DMEFLIGH.DEF                                  Ok
 Creating    DME.SRC                                                  Ok
 Extracting  DME.SRC\DMEPRINT.DEF                                     Ok
 Extracting  SYM_DB.SRC\DMEWRITE.DEF                                  Ok
 Extracting  SRC\DOSENTRY.DEF                                         Ok
 Extracting  SYM_DB.SRC\TVISION.SRC\DOSSTREA.DEF                      Ok
 Extracting  SYM_DB.SRC\DEF\DOSSTREA.DEF                              Ok
 Extracting  SRC\DRAWEPSO.DEF                                         Ok
 Extracting  SYM_DB.SRC\TVISION.SRC\DRIVERS.DEF                       Ok
 Extracting  SYM_DB.SRC\DEF\DRIVERS.DEF                               Ok
 Extracting  DME.SRC\D_COMMON.DEF                                     Ok
 Extracting  DME.SRC\D_COUNT.DEF                                      Ok
 Extracting  DME.SRC\D_DACQUI.DEF                                     Ok
 Extracting  DME.SRC\D_DISRES.DEF                                     Ok
 Extracting  DME.SRC\D_FILES.DEF                                      Ok
 Extracting  DME.SRC\D_ODB.DEF                                        Ok
 Extracting  DME.SRC\D_REPORT.DEF                                     Ok
 Extracting  DME.SRC\D_RESULT.DEF                                     Ok
 Extracting  DME.SRC\D_SLUPEK.DEF                                     Ok
 Extracting  SYM_DB.SRC\ELEMBAZY.DEF                                  Ok
 Extracting  SRC\EMS\EMS.DEF                                          Ok
 Extracting  SYM_DB.SRC\TVISION.SRC\EMSSTREA.DEF                      Ok
 Extracting  SYM_DB.SRC\DEF\EMSSTREA.DEF                              Ok
 Extracting  SRC\ERRORMES.DEF                                         Ok
 Extracting  SRC\EVENTSMN.DEF                                         Ok
 Extracting  SYM_DB.SRC\FC.DEF                                        Ok
 Extracting  SRC\FCBS.DEF                                             Ok
 Extracting  SYM_DB.SRC\FILELINE.DEF                                  Ok
 Extracting  SRC\FILES.DEF                                            Ok
 Extracting  SRC\FILTR1ST.DEF                                         Ok
 Extracting  SRC\FIO.DEF                                              Ok
 Extracting  SRC\FLAGANAL.DEF                                         Ok
 Extracting  SYM_DB.SRC\FLIGHT.DEF                                    Ok
 Extracting  SYM_DB.SRC\FLIGHTCO.DEF                                  Ok
 Extracting  SYM_DB.SRC\FLIGHTUT.DEF                                  Ok
 Extracting  SYM_DB.SRC\FREQ.DEF                                      Ok
 Extracting  SYM_DB.SRC\GENERICT.DEF                                  Ok
 Extracting  SYM_DB.SRC\GEO2POLA.DEF                                  Ok
 Extracting  SRC\GEOARITH.DEF                                         Ok
 Extracting  SRC\GLIST.DEF                                            Ok
 Extracting  SYM_DB.SRC\GLOS.DEF                                      Ok
 Extracting  SRC\GPSREAD.DEF                                          Ok
 Extracting  SYM_DB.SRC\GPS_NADA.DEF                                  Ok
 Extracting  SRC\GPS_NOV.DEF                                          Ok
 Extracting  SRC\GPS_TRIM.DEF                                         Ok
 Extracting  SRC\GRAFTYPE.DEF                                         Ok
 Extracting  SRC\GRAFUTIL.DEF                                         Ok
 Extracting  SRC\GRAPHICS.DEF                                         Ok
 Extracting  SRC\EMS\GRAPHICS.DEF                                     Ok
 Creating    GS.SRC                                                   Ok
 Extracting  GS.SRC\G_CNTPRO.DEF                                      Ok
 Extracting  GS.SRC\G_COMMON.DEF                                      Ok
 Extracting  GS.SRC\G_CP_CON.DEF                                      Ok
 Extracting  GS.SRC\G_DACQUI.DEF                                      Ok
 Extracting  GS.SRC\G_DISRES.DEF                                      Ok
 Extracting  GS.SRC\G_EVALPR.DEF                                      Ok
 Extracting  GS.SRC\G_FILES.DEF                                       Ok
 Extracting  GS.SRC\G_INSPEK.DEF                                      Ok
 Extracting  GS.SRC\G_OBLOT.DEF                                       Ok
 Extracting  GS.SRC\G_ODB.DEF                                         Ok
 Extracting  GS.SRC\G_PRINT.DEF                                       Ok
 Extracting  GS.SRC\G_RESULT.DEF                                      Ok
 Extracting  SRC\HILEVGRA.DEF                                         Ok
 Extracting  SYM_DB.SRC\HIST.DEF                                      Ok
 Extracting  SYM_DB.SRC\DEF\HISTLIST.DEF                              Ok
 Extracting  SYM_DB.SRC\TVISION.SRC\HISTLIST.DEF                      Ok
 Extracting  SYM_DB.SRC\DEF\HISTORY.DEF                               Ok
 Extracting  SYM_DB.SRC\TVISION.SRC\HISTORY.DEF                       Ok
 Extracting  SRC\HRDW_PLT.DEF                                         Ok
 Extracting  SRC\HRD_CLOC.DEF                                         Ok
 Creating    VHF.SRC                                                  Ok
 Extracting  VHF.SRC\H_COMMON.DEF                                     Ok
 Extracting  VHF.SRC\H_COUNT.DEF                                      Ok
 Extracting  VHF.SRC\H_CP_CON.DEF                                     Ok
 Extracting  VHF.SRC\H_DACQUI.DEF                                     Ok
 Extracting  VHF.SRC\H_DATABA.DEF                                     Ok
 Extracting  VHF.SRC\H_DISRES.DEF                                     Ok
 Extracting  VHF.SRC\H_FILES.DEF                                      Ok
 Extracting  VHF.SRC\H_INSPEK.DEF                                     Ok
 Extracting  VHF.SRC\H_OBLOT.DEF                                      Ok
 Extracting  VHF.SRC\H_ODB.DEF                                        Ok
 Extracting  VHF.SRC\H_PRINT.DEF                                      Ok
 Extracting  VHF.SRC\H_RESULT.DEF                                     Ok
 Extracting  VHF.SRC\H_SLUPEK.DEF                                     Ok
 Extracting  SYM_DB.SRC\ILSFLIGH.DEF                                  Ok
 Extracting  SYM_DB.SRC\ILSGS.DEF                                     Ok
 Extracting  SYM_DB.SRC\ILSGS1.DEF                                    Ok
 Extracting  SYM_DB.SRC\ILSS.DEF                                      Ok
 Extracting  SYM_DB.SRC\ILSS1.DEF                                     Ok
 Extracting  SRC\ILS_EVAL.DEF                                         Ok
 Extracting  SRC\ILS_ZONE.DEF                                         Ok
 Extracting  SRC\INI.DEF                                              Ok
 Extracting  SYM_DB.SRC\INI.DEF                                       Ok
 Extracting  SRC\INPLINE.DEF                                          Ok
 Extracting  SYM_DB.SRC\DEF\INPUTLIN.DEF                              Ok
 Extracting  SYM_DB.SRC\TVISION.SRC\INPUTLIN.DEF                      Ok
 Extracting  SRC\INSPMNG.DEF                                          Ok
 Extracting  SRC\INTERPOL.DEF                                         Ok
 Extracting  SYM_DB.SRC\INTINPUT.DEF                                  Ok
 Extracting  SRC\INT_DME.DEF                                          Ok
 Extracting  SRC\KALIBRAC.DEF                                         Ok
 Extracting  SRC\KL_FGENE.DEF                                         Ok
 Extracting  SRC\KL_UTILS.DEF                                         Ok
 Extracting  SYM_DB.SRC\KOMUNIKA.DEF                                  Ok
 Extracting  SRC\KOMUNIKA.DEF                                         Ok
 Extracting  SYM_DB.SRC\TVISION.SRC\LABELS.DEF                        Ok
 Extracting  SYM_DB.SRC\DEF\LABELS.DEF                                Ok
 Extracting  SYM_DB.SRC\TVISION.SRC\LISTBOXE.DEF                      Ok
 Extracting  SYM_DB.SRC\DEF\LISTBOXE.DEF                              Ok
 Extracting  SYM_DB.SRC\TVISION.SRC\LISTVIEW.DEF                      Ok
 Extracting  SYM_DB.SRC\DEF\LISTVIEW.DEF                              Ok
 Extracting  SYM_DB.SRC\LOCCOMMA.DEF                                  Ok
 Extracting  SYM_DB.SRC\LOGO.DEF                                      Ok
 Extracting  SYM_DB.SRC\LOT_DATA.DEF                                  Ok
 Extracting  SYM_DB.SRC\LOT_GPDA.DEF                                  Ok
 Creating    LOC.SRC                                                  Ok
 Extracting  LOC.SRC\L_CNTPRO.DEF                                     Ok
 Extracting  LOC.SRC\L_COMMON.DEF                                     Ok
 Extracting  LOC.SRC\L_COUNT.DEF                                      Ok
 Extracting  LOC.SRC\L_CP_CON.DEF                                     Ok
 Extracting  LOC.SRC\L_DACQUI.DEF                                     Ok
 Extracting  LOC.SRC\L_DATABA.DEF                                     Ok
 Extracting  LOC.SRC\L_DISRES.DEF                                     Ok
 Extracting  LOC.SRC\L_EVALPR.DEF                                     Ok
 Extracting  LOC.SRC\L_FILES.DEF                                      Ok
 Extracting  LOC.SRC\L_OBLOT.DEF                                      Ok
 Extracting  LOC.SRC\L_ODB.DEF                                        Ok
 Extracting  LOC.SRC\L_PRINT.DEF                                      Ok
 Extracting  LOC.SRC\L_RESULT.DEF                                     Ok
 Extracting  LOC.SRC\L_SLUPEK.DEF                                     Ok
 Extracting  SRC\MANAGER.DEF                                          Ok
 Extracting  SRC\MAPA.DEF                                             Ok
 Extracting  SRC\MARKS.DEF                                            Ok
 Extracting  SRC\MATH.DEF                                             Ok
 Extracting  SYM_DB.SRC\DEF\MENUS.DEF                                 Ok
 Extracting  SYM_DB.SRC\TVISION.SRC\MENUS.DEF                         Ok
 Extracting  SRC\MESSAGES.DEF                                         Ok
 Extracting  SRC\MMA_COUT.DEF                                         Ok
 Extracting  SRC\MMMOUSE.DEF                                          Ok
 Extracting  SYM_DB.SRC\TVISION.SRC\MOUSE.DEF                         Ok
 Extracting  SYM_DB.SRC\DEF\MOUSE.DEF                                 Ok
 Extracting  SYM_DB.SRC\TVISION.SRC\MSGBOX.DEF                        Ok
 Extracting  SRC\MSGBOX.DEF                                           Ok
 Extracting  SYM_DB.SRC\DEF\MSGBOX.DEF                                Ok
 Extracting  SYM_DB.SRC\MSGS.DEF                                      Ok
 Extracting  SYM_DB.SRC\MULTIRS.DEF                                   Ok
 Extracting  SRC\M_PGPIB.DEF                                          Ok
 Extracting  SRC\NAVGPIB.DEF                                          Ok
 Extracting  SRC\NAVINTER.DEF                                         Ok
 Extracting  SYM_DB.SRC\NDB_DATA.DEF                                  Ok
 Creating    NDB.SRC                                                  Ok
 Extracting  NDB.SRC\N_COMMON.DEF                                     Ok
 Extracting  NDB.SRC\N_COUNT.DEF                                      Ok
 Extracting  NDB.SRC\N_CP_CON.DEF                                     Ok
 Extracting  NDB.SRC\N_DACQUI.DEF                                     Ok
 Extracting  NDB.SRC\N_DATABA.DEF                                     Ok
 Extracting  NDB.SRC\N_DISRES.DEF                                     Ok
 Extracting  NDB.SRC\N_FILES.DEF                                      Ok
 Extracting  NDB.SRC\N_INSPEK.DEF                                     Ok
 Extracting  NDB.SRC\N_OBLOT.DEF                                      Ok
 Extracting  NDB.SRC\N_ODB.DEF                                        Ok
 Extracting  NDB.SRC\N_PRINT.DEF                                      Ok
 Extracting  NDB.SRC\N_REPORT.DEF                                     Ok
 Extracting  NDB.SRC\N_RESULT.DEF                                     Ok
 Extracting  NDB.SRC\N_SLUPEK.DEF                                     Ok
 Extracting  SYM_DB.SRC\TVISION.SRC\OBJECTS.DEF                       Ok
 Extracting  SYM_DB.SRC\DEF\OBJECTS.DEF                               Ok
 Extracting  SRC\OBLOTY.DEF                                           Ok
 Extracting  SRC\ODBDME.DEF                                           Ok
 Extracting  SYM_DB.SRC\ODP_DATA.DEF                                  Ok
 Extracting  SRC\OPISFLAG.DEF                                         Ok
 Extracting  SYM_DB.SRC\TVISION.SRC\PARAMTEX.DEF                      Ok
 Extracting  SYM_DB.SRC\DEF\PARAMTEX.DEF                              Ok
 Extracting  SRC\PISZEVEN.DEF                                         Ok
 Extracting  SRC\PI_ANALI.DEF                                         Ok
 Extracting  SRC\PI_ARCHD.DEF                                         Ok
 Extracting  SRC\PI_DMENA.DEF                                         Ok
 Creating    SRC.ARC                                                  Ok
 Extracting  SRC.ARC\PI_DMENA.DEF                                     Ok
 Extracting  SRC\PI_DRUKU.DEF                                         Ok
 Extracting  SRC\PI_GLOWN.DEF                                         Ok
 Extracting  SRC\PI_PA.DEF                                            Ok
 Extracting  SRC\PI_POMIA.DEF                                         Ok
 Extracting  SRC\PI_QCHEC.DEF                                         Ok
 Extracting  SRC.ARC\PI_REPOR.DEF                                     Ok
 Extracting  SRC\PI_REPOR.DEF                                         Ok
 Extracting  SRC\PI_SCRUT.DEF                                         Ok
 Extracting  SRC\PI_ZOOMS.DEF                                         Ok
 Extracting  SYM_DB.SRC\PLKBD.DEF                                     Ok
 Extracting  SRC\POLOZENI.DEF                                         Ok
 Extracting  SYM_DB.SRC\POLOZENI.DEF                                  Ok
 Extracting  SRC\POMIAR.DEF                                           Ok
 Extracting  SYM_DB.SRC\POTW.DEF                                      Ok
 Extracting  SRC\PRINT.DEF                                            Ok
 Extracting  SRC\PRINTCNT.DEF                                         Ok
 Extracting  SRC\PRINTSCR.DEF                                         Ok
 Extracting  SRC\PRINTUTL.DEF                                         Ok
 Extracting  SYM_DB.SRC\PRZETWOR.DEF                                  Ok
 Extracting  SYM_DB.SRC\DEF\RADIOBUT.DEF                              Ok
 Extracting  SYM_DB.SRC\TVISION.SRC\RADIOBUT.DEF                      Ok
 Extracting  SRC\RAP_UTIL.DEF                                         Ok
 Extracting  SRC.ARC\RAP_UTIL.DEF                                     Ok
 Extracting  SYM_DB.SRC\REALINPU.DEF                                  Ok
 Extracting  SYM_DB.SRC\DEF\RESOURCE.DEF                              Ok
 Extracting  SYM_DB.SRC\TVISION.SRC\RESOURCE.DEF                      Ok
 Extracting  SYM_DB.SRC\RS.DEF                                        Ok
 Extracting  SYM_DB.SRC\RS1.DEF                                       Ok
 Extracting  SRC\RTSMONEX.DEF                                         Ok
 Extracting  SRC\SCANNERI.DEF                                         Ok
 Extracting  SRC\SCREEEN.DEF                                          Ok
 Extracting  SRC\SCREEN.DEF                                           Ok
 Extracting  SRC\SCREENCT.DEF                                         Ok
 Extracting  SYM_DB.SRC\SCREENSA.DEF                                  Ok
 Extracting  SYM_DB.SRC\TVISION.SRC\SCROLLBA.DEF                      Ok
 Extracting  SYM_DB.SRC\DEF\SCROLLBA.DEF                              Ok
 Extracting  SYM_DB.SRC\DEF\SCROLLER.DEF                              Ok
 Extracting  SYM_DB.SRC\TVISION.SRC\SCROLLER.DEF                      Ok
 Extracting  SRC\SEMAFORY.DEF                                         Ok
 Extracting  SYM_DB.SRC\SEND.DEF                                      Ok
 Extracting  SYM_DB.SRC\SETUP.DEF                                     Ok
 Extracting  SYM_DB.SRC\SHDLG.DEF                                     Ok
 Extracting  SYM_DB.SRC\SHELL.DEF                                     Ok
 Extracting  SYM_DB.SRC\SHELLDLL.DEF                                  Ok
 Extracting  SYM_DB.SRC\SHEXECUT.DEF                                  Ok
 Extracting  SYM_DB.SRC\SHHIST.DEF                                    Ok
 Extracting  SRC\SHORTCUT.DEF                                         Ok
 Extracting  SRC\SIMSCANN.DEF                                         Ok
 Extracting  SRC\SKL_UTLS.DEF                                         Ok
 Extracting  SRC\SLUPEK.DEF                                           Ok
 Extracting  SRC\SOFTINTH.DEF                                         Ok
 Extracting  SYM_DB.SRC\DEF\SORTEDCO.DEF                              Ok
 Extracting  SYM_DB.SRC\TVISION.SRC\SORTEDCO.DEF                      Ok
 Extracting  SRC\SPECCONV.DEF                                         Ok
 Extracting  SYM_DB.SRC\TVISION.SRC\STATICTE.DEF                      Ok
 Extracting  SYM_DB.SRC\DEF\STATICTE.DEF                              Ok
 Extracting  SRC\STDIO.DEF                                            Ok
 Extracting  SYM_DB.SRC\STRATEGI.DEF                                  Ok
 Extracting  SYM_DB.SRC\TVISION.SRC\STREAMS.DEF                       Ok
 Extracting  SYM_DB.SRC\DEF\STREAMS.DEF                               Ok
 Extracting  SYM_DB.SRC\TVISION.SRC\STRINGCO.DEF                      Ok
 Extracting  SYM_DB.SRC\DEF\STRINGCO.DEF                              Ok
 Extracting  SYM_DB.SRC\TVISION.SRC\STRINGLI.DEF                      Ok
 Extracting  SYM_DB.SRC\DEF\STRINGLI.DEF                              Ok
 Extracting  SRC\SUMPRINT.DEF                                         Ok
 Extracting  SRC\SWITCHCN.DEF                                         Ok
 Extracting  SRC\TARITHME.DEF                                         Ok
 Extracting  SYM_DB.SRC\TEOEVENT.DEF                                  Ok
 Extracting  SYM_DB.SRC\TEO_NADA.DEF                                  Ok
 Extracting  SYM_DB.SRC\TVISION.SRC\TEXTS.DEF                         Ok
 Extracting  SYM_DB.SRC\DEF\TEXTS.DEF                                 Ok
 Extracting  SYM_DB.SRC\DEF\TEXTVIEW.DEF                              Ok
 Extracting  SYM_DB.SRC\TVISION.SRC\TEXTVIEW.DEF                      Ok
 Extracting  SRC\THEODOLI.DEF                                         Ok
 Extracting  SRC\TIMER.DEF                                            Ok
 Extracting  SYM_DB.SRC\TUNE.DEF                                      Ok
 Extracting  SRC\TUNE.DEF                                             Ok
 Extracting  SYM_DB.SRC\DEF\TVTEXT.DEF                                Ok
 Extracting  SYM_DB.SRC\TVISION.SRC\TVTEXT.DEF                        Ok
 Creating    TRS.SRC                                                  Ok
 Extracting  TRS.SRC\T_INSPEK.DEF                                     Ok
 Extracting  TRS.SRC\T_OBLOT.DEF                                      Ok
 Extracting  SYM_DB.SRC\VHF_DATA.DEF                                  Ok
 Extracting  SYM_DB.SRC\TVISION.SRC\VIEWS.DEF                         Ok
 Extracting  SYM_DB.SRC\DEF\VIEWS.DEF                                 Ok
 Extracting  SYM_DB.SRC\VORFLIGH.DEF                                  Ok
 Creating    VOR.SRC                                                  Ok
 Extracting  VOR.SRC\VORO_AVR.DEF                                     Ok
 Extracting  VOR.SRC\VORPRINT.DEF                                     Ok
 Extracting  VOR.SRC\VORR_AVE.DEF                                     Ok
 Extracting  SYM_DB.SRC\VOR_DATA.DEF                                  Ok
 Extracting  VOR.SRC\V_COMMON.DEF                                     Ok
 Extracting  VOR.SRC\V_COUNT.DEF                                      Ok
 Extracting  VOR.SRC\V_CP_CON.DEF                                     Ok
 Extracting  VOR.SRC\V_DACQUI.DEF                                     Ok
 Extracting  VOR.SRC\V_DATABA.DEF                                     Ok
 Extracting  VOR.SRC\V_DISRES.DEF                                     Ok
 Extracting  VOR.SRC\V_FILES.DEF                                      Ok
 Extracting  VOR.SRC\V_OBLOT.DEF                                      Ok
 Extracting  VOR.SRC\V_ODB.DEF                                        Ok
 Extracting  VOR.SRC\V_RESULT.DEF                                     Ok
 Extracting  VOR.SRC\V_SLUPEK.DEF                                     Ok
 Extracting  SYM_DB.SRC\WARN.DEF                                      Ok
 Extracting  SYM_DB.SRC\DEF\WINDS.DEF                                 Ok
 Extracting  SYM_DB.SRC\TVISION.SRC\WINDS.DEF                         Ok
 Extracting  SRC\WORSEBEC.DEF                                         Ok
 Extracting  SRC\WROC.DEF                                             Ok
 Extracting  SRC\WYKRES.DEF                                           Ok
 Extracting  TESTY\XMS.DEF                                            Ok
 Extracting  SRC\XMS.DEF                                              Ok
 Extracting  SRC\XMSSERVI.DEF                                         Ok
 Extracting  SRC\XMSTABLE.DEF                                         Ok
 Extracting  SRC\ZOOM.DEF                                             Ok
 Extracting  SRC.ARC\ZOOM.DEF                                         Ok
 Extracting  SRC\ZOOMINTE.DEF                                         Ok
 Extracting  SRC.ARC\ZOOMINTE.DEF                                     Ok
 Extracting  SRC.ARC\ZOOMSPEC.DEF                                     Ok
 Skipping    DIB\DODME1.DIB                                          
 Skipping    DIB\DOWORA1.DIB                                         
 Skipping    DIB\GPS.DIB                                             
 Skipping    DIB\GS1.DIB                                             
 Skipping    DIB\GS15.DIB                                            
 Skipping    DIB\GS16.DIB                                            
 Skipping    DIB\GS4.DIB                                             
 Skipping    DIB\GS5.DIB                                             
 Skipping    DIB\ILS1.DIB                                            
 Skipping    DIB\ILS15.DIB                                           
 Skipping    DIB\ILS18.DIB                                           
 Skipping    DIB\ILS21.DIB                                           
 Skipping    DIB\ILS4.DIB                                            
 Skipping    DIB\ILS5.DIB                                            
 Skipping    DIB\INSP.DIB                                            
 Skipping    DIB\KURSOR.DIB                                          
 Skipping    DIB\MAIN.DIB                                            
 Skipping    DIB\NDB.DIB                                             
 Skipping    DIB\PRINT.DIB                                           
 Skipping    DIB\VHF.DIB                                             
 Skipping    TRTS\ML.ERR                                             
 Skipping    TRTS\RTS.INC                                            
 Skipping    TRTS\RTSINTCO.INC                                       
 Skipping    TRTS\RTSINTDE.INC                                       
 Skipping    TRTS\RTSOVLS.INC                                        
 Extracting  TRTS\CMRTS.LIB                                           Ok
 Extracting  TRTS\CRTS.LIB                                            Ok
 Extracting  TRTS\M2RTS.LIB                                           Ok
 Extracting  TRTS\MCRTS.LIB                                           Ok
 Extracting  NC.MNU                                                   Ok
 Extracting  SRC\ADFANGLE.MOD                                         Ok
 Extracting  SYM_DB.SRC\ADFFLIGH.MOD                                  Ok
 Extracting  AG.MOD                                                   Ok
 Extracting  AH.MOD                                                   Ok
 Extracting  AL.MOD                                                   Ok
 Extracting  SRC\ALTINTER.MOD                                         Ok
 Extracting  AN.MOD                                                   Ok
 Extracting  SYM_DB.SRC\ANGLEFLI.MOD                                  Ok
 Extracting  SYM_DB.SRC\ANGLEVOR.MOD                                  Ok
 Extracting  SYM_DB.SRC\TVISION.SRC\APP.MOD                           Ok
 Extracting  SYM_DB.SRC\ARINC.MOD                                     Ok
 Extracting  SRC\ARINC.MOD                                            Ok
 Extracting  SYM_DB.SRC\ARINCSER.MOD                                  Ok
 Extracting  TESTY\ARINC_TS.MOD                                       Ok
 Extracting  AT.MOD                                                   Ok
 Extracting  AV.MOD                                                   Ok
 Extracting  SYM_DB.SRC\TVISION.SRC\BUFFERS.MOD                       Ok
 Extracting  SYM_DB.SRC\TVISION.SRC\BUFSTREA.MOD                      Ok
 Extracting  SYM_DB.SRC\TVISION.SRC\BUTTONS.MOD                       Ok
 Extracting  SRC\BUTTONS.MOD                                          Ok
 Extracting  SYM_DB.SRC\TVISION.SRC\CHECKBOX.MOD                      Ok
 Extracting  SRC\CHRONOME.MOD                                         Ok
 Extracting  SYM_DB.SRC\CIRCLEFL.MOD                                  Ok
 Extracting  SYM_DB.SRC\CIRCLEVO.MOD                                  Ok
 Extracting  SYM_DB.SRC\TVISION.SRC\CLUSTERS.MOD                      Ok
 Extracting  SRC\COCPDSP.MOD                                          Ok
 Extracting  SYM_DB.SRC\TVISION.SRC\COLLECTI.MOD                      Ok
 Extracting  SRC\COMMONDA.MOD                                         Ok
 Extracting  SRC\COMMONTY.MOD                                         Ok
 Extracting  TESTY\CONVDB.MOD                                         Ok
 Extracting  SRC\CZAS.MOD                                             Ok
 Extracting  SYM_DB.SRC\DATA.MOD                                      Ok
 Extracting  SYM_DB.SRC\DATABASE.MOD                                  Ok
 Extracting  SRC\DATACOLL.MOD                                         Ok
 Extracting  SYM_DB.SRC\DB_COMMO.MOD                                  Ok
 Extracting  SRC\DB_STRUC.MOD                                         Ok
 Extracting  SYM_DB.SRC\DB_UTL.MOD                                    Ok
 Extracting  TESTY\DEBUGPMD.MOD                                       Ok
 Extracting  SRC\DGHINI.MOD                                           Ok
 Extracting  SRC\DGHINTER.MOD                                         Ok
 Extracting  TESTY\DGHSPAI.MOD                                        Ok
 Extracting  TESTY\DGHSPAIL.MOD                                       Ok
 Extracting  TESTY\DGHSPAO.MOD                                        Ok
 Extracting  TESTY\DGHSPAOL.MOD                                       Ok
 Extracting  TESTY\DGHSPDI.MOD                                        Ok
 Extracting  TESTY\DGHSPDIL.MOD                                       Ok
 Extracting  TESTY\DGHSPDO.MOD                                        Ok
 Extracting  TESTY\DGHSPDOL.MOD                                       Ok
 Extracting  TESTY\DGHSPEED.MOD                                       Ok
 Extracting  TESTY\DGHTEST.MOD                                        Ok
 Extracting  SRC\DGH_UTIL.MOD                                         Ok
 Extracting  SYM_DB.SRC\DIALOG.MOD                                    Ok
 Extracting  SRC\EMS\DIALOG.MOD                                       Ok
 Extracting  SRC\DIALOG.MOD                                           Ok
 Extracting  SYM_DB.SRC\TVISION.SRC\DIALOGS.MOD                       Ok
 Extracting  TESTY\DIGIBUFF.MOD                                       Ok
 Extracting  SRC\DIGIRS.MOD                                           Ok
 Extracting  TESTY\DIGITERM.MOD                                       Ok
 Extracting  SRC\DISRESUT.MOD                                         Ok
 Extracting  SYM_DB.SRC\TVISION.SRC\DLG.MOD                           Ok
 Extracting  SYM_DB.SRC\DME.MOD                                       Ok
 Extracting  SYM_DB.SRC\DMEADF.MOD                                    Ok
 Extracting  SYM_DB.SRC\DMEADFFL.MOD                                  Ok
 Extracting  SYM_DB.SRC\DMEFLIGH.MOD                                  Ok
 Extracting  DME.SRC\DMEPRINT.MOD                                     Ok
 Extracting  SYM_DB.SRC\DMEWRITE.MOD                                  Ok
 Extracting  TESTY\DOSENTRY.MOD                                       Ok
 Extracting  SRC\DOSENTRY.MOD                                         Ok
 Extracting  SYM_DB.SRC\TVISION.SRC\DOSSTREA.MOD                      Ok
 Extracting  SRC\DRAWEPSO.MOD                                         Ok
 Extracting  SRC\EMS\DRAWEPSO.MOD                                     Ok
 Extracting  SYM_DB.SRC\TVISION.SRC\DRIVERS.MOD                       Ok
 Extracting  DME.SRC\D_COMMON.MOD                                     Ok
 Extracting  DME.SRC\D_COUNT.MOD                                      Ok
 Extracting  DME.SRC\D_DACQUI.MOD                                     Ok
 Creating    DME.ARC                                                  Ok
 Extracting  DME.ARC\D_DACQUI.MOD                                     Ok
 Extracting  DME.SRC\D_DISRES.MOD                                     Ok
 Extracting  DME.SRC\D_FILES.MOD                                      Ok
 Extracting  DME.SRC\D_ODB.MOD                                        Ok
 Extracting  DME.SRC\D_REPORT.MOD                                     Ok
 Extracting  DME.SRC\D_RESULT.MOD                                     Ok
 Extracting  DME.SRC\D_SLUPEK.MOD                                     Ok
 Extracting  SYM_DB.SRC\TVISION.SRC\EDITORS.MOD                       Ok
 Extracting  SYM_DB.SRC\ELEMBAZY.MOD                                  Ok
 Extracting  SRC\EMS\EMS.MOD                                          Ok
 Extracting  SYM_DB.SRC\TVISION.SRC\EMSSTREA.MOD                      Ok
 Extracting  SRC\ERRORMES.MOD                                         Ok
 Extracting  SRC\EVENTSMN.MOD                                         Ok
 Extracting  SYM_DB.SRC\FC.MOD                                        Ok
 Extracting  SRC\FCBS.MOD                                             Ok
 Extracting  SYM_DB.SRC\FILELINE.MOD                                  Ok
 Extracting  SRC\FILES.MOD                                            Ok
 Extracting  SRC\FILTR1ST.MOD                                         Ok
 Extracting  SRC\FIO.MOD                                              Ok
 Extracting  SRC\FLAGANAL.MOD                                         Ok
 Extracting  SYM_DB.SRC\FLIGHT.MOD                                    Ok
 Extracting  SYM_DB.SRC\FLIGHTCO.MOD                                  Ok
 Extracting  SYM_DB.SRC\FLIGHTUT.MOD                                  Ok
 Extracting  SYM_DB.SRC\TVISION.SRC\FRAMES.MOD                        Ok
 Extracting  SYM_DB.SRC\FREQ.MOD                                      Ok
 Extracting  SYM_DB.SRC\TVISION.SRC\GENINC.MOD                        Ok
 Extracting  SYM_DB.SRC\GEO2POLA.MOD                                  Ok
 Extracting  SRC\GEOARITH.MOD                                         Ok
 Extracting  SRC\EMS\GLIST.MOD                                        Ok
 Extracting  SRC\GLIST.MOD                                            Ok
 Extracting  SYM_DB.SRC\GLOS.MOD                                      Ok
 Extracting  TESTY\GLT.MOD                                            Ok
 Extracting  SYM_DB.SRC\GPS.MOD                                       Ok
 Extracting  SRC\GPSREAD.MOD                                          Ok
 Extracting  SYM_DB.SRC\GPS_NADA.MOD                                  Ok
 Extracting  SRC\GPS_NOV.MOD                                          Ok
 Extracting  SRC\GPS_TRIM.MOD                                         Ok
 Extracting  SRC\GRAFTYPE.MOD                                         Ok
 Extracting  SRC\GRAFUTIL.MOD                                         Ok
 Extracting  SRC\EMS\GRAPHICS.MOD                                     Ok
 Extracting  SRC\GRAPHICS.MOD                                         Ok
 Extracting  TESTY\GS1.MOD                                            Ok
 Extracting  GS.SRC\G_CNTPRO.MOD                                      Ok
 Extracting  GS.SRC\G_COMMON.MOD                                      Ok
 Extracting  GS.SRC\G_CP_CON.MOD                                      Ok
 Creating    GS.ARC                                                   Ok
 Extracting  GS.ARC\G_DACQUI.MOD                                      Ok
 Extracting  GS.SRC\G_DACQUI.MOD                                      Ok
 Extracting  GS.SRC\G_DISRES.MOD                                      Ok
 Extracting  GS.SRC\G_EVALPR.MOD                                      Ok
 Extracting  GS.SRC\G_FILES.MOD                                       Ok
 Extracting  GS.SRC\G_INSPEK.MOD                                      Ok
 Extracting  GS.SRC\G_OBLOT.MOD                                       Ok
 Extracting  GS.SRC\G_ODB.MOD                                         Ok
 Extracting  GS.SRC\G_PRINT.MOD                                       Ok
 Extracting  GS.SRC\G_RESULT.MOD                                      Ok
 Extracting  SRC\HILEVGRA.MOD                                         Ok
 Extracting  SRC\EMS\HILEVGRA.MOD                                     Ok
 Extracting  SYM_DB.SRC\HIST.MOD                                      Ok
 Extracting  SYM_DB.SRC\TVISION.SRC\HISTLIST.MOD                      Ok
 Extracting  SYM_DB.SRC\TVISION.SRC\HISTORY.MOD                       Ok
 Extracting  TESTY\HMT.MOD                                            Ok
 Extracting  SRC\HRDW_PLT.MOD                                         Ok
 Extracting  SRC\HRD_CLOC.MOD                                         Ok
 Extracting  VHF.SRC\H_COMMON.MOD                                     Ok
 Extracting  VHF.SRC\H_COUNT.MOD                                      Ok
 Extracting  VHF.SRC\H_CP_CON.MOD                                     Ok
 Creating    VHF.ARC                                                  Ok
 Extracting  VHF.ARC\H_DACQUI.MOD                                     Ok
 Extracting  VHF.SRC\H_DACQUI.MOD                                     Ok
 Extracting  VHF.SRC\H_DATABA.MOD                                     Ok
 Extracting  VHF.SRC\H_DISRES.MOD                                     Ok
 Extracting  VHF.SRC\H_FILES.MOD                                      Ok
 Extracting  VHF.SRC\H_INSPEK.MOD                                     Ok
 Extracting  VHF.SRC\H_OBLOT.MOD                                      Ok
 Extracting  VHF.SRC\H_ODB.MOD                                        Ok
 Extracting  VHF.SRC\H_PRINT.MOD                                      Ok
 Extracting  VHF.SRC\H_RESULT.MOD                                     Ok
 Extracting  VHF.SRC\H_SLUPEK.MOD                                     Ok
 Extracting  SYM_DB.SRC\ILSFLIGH.MOD                                  Ok
 Extracting  SYM_DB.SRC\ILSGS.MOD                                     Ok
 Extracting  SYM_DB.SRC\ILSGS1.MOD                                    Ok
 Extracting  SYM_DB.SRC\ILSS.MOD                                      Ok
 Extracting  SYM_DB.SRC\ILSS1.MOD                                     Ok
 Extracting  SRC\ILS_EVAL.MOD                                         Ok
 Extracting  SRC\ILS_ZONE.MOD                                         Ok
 Extracting  SYM_DB.SRC\INI.MOD                                       Ok
 Extracting  SRC\INI.MOD                                              Ok
 Extracting  TESTY\INITST.MOD                                         Ok
 Extracting  SRC\INPLINE.MOD                                          Ok
 Extracting  SYM_DB.SRC\TVISION.SRC\INPUTLIN.MOD                      Ok
 Extracting  TESTY\INSPEKCJ.MOD                                       Ok
 Extracting  SRC\INSPMNG.MOD                                          Ok
 Extracting  SYM_DB.SRC\INTINPUT.MOD                                  Ok
 Extracting  SRC\INT_DME.MOD                                          Ok
 Extracting  SRC\KALIBRAC.MOD                                         Ok
 Extracting  SRC\KEYBOARD.MOD                                         Ok
 Extracting  SRC\KL_FGENE.MOD                                         Ok
 Extracting  SRC\KL_UTILS.MOD                                         Ok
 Extracting  SYM_DB.SRC\KOMUNIKA.MOD                                  Ok
 Extracting  SYM_DB.SRC\TVISION.SRC\LABELS.MOD                        Ok
 Extracting  SYM_DB.SRC\TVISION.SRC\LISTBOXE.MOD                      Ok
 Extracting  SYM_DB.SRC\TVISION.SRC\LISTVIEW.MOD                      Ok
 Extracting  TESTY\LOC.MOD                                            Ok
 Extracting  SYM_DB.SRC\LOGO.MOD                                      Ok
 Extracting  SYM_DB.SRC\LOT_DATA.MOD                                  Ok
 Extracting  SYM_DB.SRC\LOT_GPDA.MOD                                  Ok
 Extracting  LOC.SRC\L_CNTPRO.MOD                                     Ok
 Extracting  LOC.SRC\L_COMMON.MOD                                     Ok
 Extracting  LOC.SRC\L_COUNT.MOD                                      Ok
 Extracting  GS.SRC\L_COUNT.MOD                                       Ok
 Extracting  LOC.SRC\L_CP_CON.MOD                                     Ok
 Extracting  LOC.SRC\L_DACQUI.MOD                                     Ok
 Creating    LOC.ARC                                                  Ok
 Extracting  LOC.ARC\L_DACQUI.MOD                                     Ok
 Extracting  LOC.SRC\L_DATABA.MOD                                     Ok
 Extracting  LOC.SRC\L_DISRES.MOD                                     Ok
 Extracting  LOC.SRC\L_EVALPR.MOD                                     Ok
 Extracting  LOC.SRC\L_FILES.MOD                                      Ok
 Extracting  LOC.SRC\L_OBLOT.MOD                                      Ok
 Extracting  LOC.SRC\L_ODB.MOD                                        Ok
 Extracting  LOC.SRC\L_PRINT.MOD                                      Ok
 Extracting  LOC.SRC\L_RESULT.MOD                                     Ok
 Extracting  GS.SRC\L_SLUPEK.MOD                                      Ok
 Extracting  LOC.SRC\L_SLUPEK.MOD                                     Ok
 Extracting  LOC.SRC\L_ZONEMN.MOD                                     Ok
 Extracting  SRC\MANAGER.MOD                                          Ok
 Extracting  TESTY\MANAGER.MOD                                        Ok
 Extracting  SRC\MAPA.MOD                                             Ok
 Extracting  SRC\MARKS.MOD                                            Ok
 Extracting  SRC\MATH.MOD                                             Ok
 Extracting  SYM_DB.SRC\TVISION.SRC\MENUS.MOD                         Ok
 Extracting  TESTY\MENUTST.MOD                                        Ok
 Extracting  SRC\MESSAGES.MOD                                         Ok
 Extracting  SRC\MMA_COUT.MOD                                         Ok
 Extracting  SRC\MMMOUSE.MOD                                          Ok
 Extracting  SRC\EMS\MMMOUSE.MOD                                      Ok
 Extracting  SYM_DB.SRC\TVISION.SRC\MOUSE.MOD                         Ok
 Extracting  SRC\MSGBOX.MOD                                           Ok
 Extracting  SYM_DB.SRC\TVISION.SRC\MSGBOX.MOD                        Ok
 Extracting  SYM_DB.SRC\MSGS.MOD                                      Ok
 Extracting  SYM_DB.SRC\MULTIRS.MOD                                   Ok
 Extracting  SRC\M_PGPIB.MOD                                          Ok
 Extracting  TESTY\NAVGPIB.MOD                                        Ok
 Extracting  SRC\NAVGPIB.MOD                                          Ok
 Extracting  SRC\NAVINTER.MOD                                         Ok
 Extracting  SYM_DB.SRC\NDB_DATA.MOD                                  Ok
 Extracting  NDB.SRC\N_COMMON.MOD                                     Ok
 Extracting  NDB.SRC\N_COUNT.MOD                                      Ok
 Extracting  NDB.SRC\N_CP_CON.MOD                                     Ok
 Extracting  NDB.SRC\N_DACQUI.MOD                                     Ok
 Creating    NDB.ARC                                                  Ok
 Extracting  NDB.ARC\N_DACQUI.MOD                                     Ok
 Extracting  NDB.SRC\N_DATABA.MOD                                     Ok
 Extracting  NDB.SRC\N_DISRES.MOD                                     Ok
 Extracting  NDB.SRC\N_FILES.MOD                                      Ok
 Extracting  NDB.SRC\N_INSPEK.MOD                                     Ok
 Extracting  NDB.SRC\N_OBLOT.MOD                                      Ok
 Extracting  NDB.SRC\N_ODB.MOD                                        Ok
 Extracting  NDB.SRC\N_PRINT.MOD                                      Ok
 Extracting  NDB.SRC\N_REPORT.MOD                                     Ok
 Extracting  NDB.SRC\N_RESULT.MOD                                     Ok
 Extracting  NDB.SRC\N_SLUPEK.MOD                                     Ok
 Extracting  SYM_DB.SRC\TVISION.SRC\OBJECTS.MOD                       Ok
 Extracting  SRC\OBLOTY.MOD                                           Ok
 Extracting  SYM_DB.SRC\ODP_DATA.MOD                                  Ok
 Extracting  SYM_DB.SRC\TVISION.SRC\PARAMTEX.MOD                      Ok
 Extracting  PG.MOD                                                   Ok
 Extracting  PH.MOD                                                   Ok
 Extracting  TESTY\PIG1.MOD                                           Ok
 Extracting  SRC\PISZEVEN.MOD                                         Ok
 Extracting  LOC.SRC\PI_ANALI.MOD                                     Ok
 Extracting  VHF.SRC\PI_ANALI.MOD                                     Ok
 Extracting  GS.SRC\PI_ANALI.MOD                                      Ok
 Extracting  VOR.SRC\PI_ANALI.MOD                                     Ok
 Extracting  NDB.SRC\PI_ANALI.MOD                                     Ok
 Extracting  VOR.SRC\PI_ARCHD.MOD                                     Ok
 Extracting  VHF.SRC\PI_ARCHD.MOD                                     Ok
 Extracting  NDB.SRC\PI_ARCHD.MOD                                     Ok
 Extracting  LOC.SRC\PI_ARCHD.MOD                                     Ok
 Extracting  GS.SRC\PI_ARCHD.MOD                                      Ok
 Extracting  VOR.SRC\PI_DMENA.MOD                                     Ok
 Extracting  LOC.SRC\PI_DMENA.MOD                                     Ok
 Extracting  GS.SRC\PI_DRUKU.MOD                                      Ok
 Extracting  NDB.SRC\PI_DRUKU.MOD                                     Ok
 Extracting  TRS.SRC\PI_DRUKU.MOD                                     Ok
 Extracting  VHF.SRC\PI_DRUKU.MOD                                     Ok
 Extracting  VOR.SRC\PI_DRUKU.MOD                                     Ok
 Extracting  LOC.SRC\PI_DRUKU.MOD                                     Ok
 Extracting  LOC.SRC\PI_GLOWN.MOD                                     Ok
 Extracting  TRS.SRC\PI_GLOWN.MOD                                     Ok
 Extracting  NDB.SRC\PI_GLOWN.MOD                                     Ok
 Extracting  VHF.SRC\PI_GLOWN.MOD                                     Ok
 Extracting  VOR.SRC\PI_GLOWN.MOD                                     Ok
 Extracting  GS.SRC\PI_GLOWN.MOD                                      Ok
 Extracting  SRC.ARC\PI_PA.MOD                                        Ok
 Extracting  SRC\PI_PA.MOD                                            Ok
 Extracting  GS.SRC\PI_POMIA.MOD                                      Ok
 Extracting  NDB.SRC\PI_POMIA.MOD                                     Ok
 Extracting  VOR.SRC\PI_POMIA.MOD                                     Ok
 Extracting  LOC.SRC\PI_POMIA.MOD                                     Ok
 Extracting  VHF.SRC\PI_POMIA.MOD                                     Ok
 Extracting  VHF.SRC\PI_QCHEC.MOD                                     Ok
 Extracting  NDB.SRC\PI_QCHEC.MOD                                     Ok
 Extracting  LOC.SRC\PI_QCHEC.MOD                                     Ok
 Extracting  VOR.SRC\PI_QCHEC.MOD                                     Ok
 Extracting  GS.SRC\PI_QCHEC.MOD                                      Ok
 Extracting  VHF.SRC\PI_REPOR.MOD                                     Ok
 Extracting  LOC.SRC\PI_REPOR.MOD                                     Ok
 Extracting  GS.SRC\PI_REPOR.MOD                                      Ok
 Extracting  VOR.SRC\PI_REPOR.MOD                                     Ok
 Extracting  LOC.SRC\PI_SCRUT.MOD                                     Ok
 Extracting  NDB.SRC\PI_SCRUT.MOD                                     Ok
 Extracting  GS.SRC\PI_SCRUT.MOD                                      Ok
 Extracting  VHF.SRC\PI_SCRUT.MOD                                     Ok
 Extracting  VOR.SRC\PI_SCRUT.MOD                                     Ok
 Extracting  LOC.SRC\PI_ZOOMS.MOD                                     Ok
 Extracting  GS.SRC\PI_ZOOMS.MOD                                      Ok
 Extracting  NDB.SRC\PI_ZOOMS.MOD                                     Ok
 Extracting  VHF.SRC\PI_ZOOMS.MOD                                     Ok
 Extracting  VOR.SRC\PI_ZOOMS.MOD                                     Ok
 Extracting  PK.MOD                                                   Ok
 Extracting  PL.MOD                                                   Ok
 Extracting  SRC\PL_ZNAK.MOD                                          Ok
 Extracting  PM.MOD                                                   Ok
 Extracting  PMR.MOD                                                  Ok
 Extracting  TESTY\PN.MOD                                             Ok
 Extracting  PN.MOD                                                   Ok
 Extracting  SYM_DB.SRC\POLOZENI.MOD                                  Ok
 Extracting  SRC\POLOZENI.MOD                                         Ok
 Extracting  SRC\EMS\POLOZENI.MOD                                     Ok
 Extracting  SRC\POMIAR.MOD                                           Ok
 Extracting  TESTY\POP_GS.MOD                                         Ok
 Extracting  TESTY\POP_LOC.MOD                                        Ok
 Extracting  SYM_DB.SRC\POTW.MOD                                      Ok
 Extracting  SRC\PRINT.MOD                                            Ok
 Extracting  SRC\PRINTCNT.MOD                                         Ok
 Extracting  SRC\PRINTSCR.MOD                                         Ok
 Extracting  SRC\PRINTUTL.MOD                                         Ok
 Extracting  SYM_DB.SRC\PRZETWOR.MOD                                  Ok
 Extracting  PT.MOD                                                   Ok
 Extracting  PTT.MOD                                                  Ok
 Extracting  PV.MOD                                                   Ok
 Extracting  SYM_DB.SRC\TVISION.SRC\RADIOBUT.MOD                      Ok
 Extracting  SRC\RANDOM.MOD                                           Ok
 Extracting  SRC.ARC\RAP_UTIL.MOD                                     Ok
 Extracting  SRC\REALCONV.MOD                                         Ok
 Extracting  SYM_DB.SRC\REALINPU.MOD                                  Ok
 Extracting  SYM_DB.SRC\TVISION.SRC\RESOURCE.MOD                      Ok
 Extracting  SYM_DB.SRC\RS.MOD                                        Ok
 Extracting  SYM_DB.SRC\RS1.MOD                                       Ok
 Extracting  TRTS\RTSM2EXI.MOD                                        Ok
 Extracting  SRC\SCANNERI.MOD                                         Ok
 Extracting  SRC.ARC\SCANNERI.MOD                                     Ok
 Extracting  SRC\SCREEN.MOD                                           Ok
 Extracting  SRC\SCREENCT.MOD                                         Ok
 Extracting  SYM_DB.SRC\SCREENSA.MOD                                  Ok
 Extracting  SYM_DB.SRC\TVISION.SRC\SCROLLBA.MOD                      Ok
 Extracting  SYM_DB.SRC\TVISION.SRC\SCROLLER.MOD                      Ok
 Extracting  SRC\SEMAFORY.MOD                                         Ok
 Extracting  SYM_DB.SRC\SEND.MOD                                      Ok
 Extracting  SYM_DB.SRC\SETUP.MOD                                     Ok
 Extracting  SYM_DB.SRC\SH.MOD                                        Ok
 Extracting  SYM_DB.SRC\SHDLG.MOD                                     Ok
 Extracting  SYM_DB.SRC\SHELL.MOD                                     Ok
 Extracting  SYM_DB.SRC\SHELLDLL.MOD                                  Ok
 Extracting  SYM_DB.SRC\SHEXECUT.MOD                                  Ok
 Extracting  SYM_DB.SRC\SHHIST.MOD                                    Ok
 Extracting  SRC\SHORTCUT.MOD                                         Ok
 Extracting  SRC\SIMSCANN.MOD                                         Ok
 Extracting  SRC\SKL_UTLS.MOD                                         Ok
 Extracting  SRC\SLUPEK.MOD                                           Ok
 Extracting  SRC\SOFTINTH.MOD                                         Ok
 Extracting  SYM_DB.SRC\TVISION.SRC\SORTEDCO.MOD                      Ok
 Extracting  TESTY\SOUNDOFF.MOD                                       Ok
 Extracting  SRC\SPECCONV.MOD                                         Ok
 Extracting  SYM_DB.SRC\TVISION.SRC\STATICTE.MOD                      Ok
 Extracting  SYM_DB.SRC\TVISION.SRC\STDDLG.MOD                        Ok
 Extracting  SRC\STDIO.MOD                                            Ok
 Extracting  SRC\STORAGE.MOD                                          Ok
 Extracting  TESTY\STORAGE.MOD                                        Ok
 Extracting  SYM_DB.SRC\TVISION.SRC\STORAGE.MOD                       Ok
 Extracting  SYM_DB.SRC\STRATEGI.MOD                                  Ok
 Extracting  SYM_DB.SRC\TVISION.SRC\STREAMS.MOD                       Ok
 Extracting  SYM_DB.SRC\TVISION.SRC\STRINGCO.MOD                      Ok
 Extracting  SYM_DB.SRC\TVISION.SRC\STRINGLI.MOD                      Ok
 Extracting  SRC\SWITCHCN.MOD                                         Ok
 Extracting  SYM_DB.SRC\SYMULATO.MOD                                  Ok
 Extracting  SYM_DB.SRC\TVISION.SRC\T.MOD                             Ok
 Extracting  TESTY\T.MOD                                              Ok
 Extracting  SRC\TARITHME.MOD                                         Ok
 Extracting  TESTY\TB.MOD                                             Ok
 Extracting  TESTY\TB1.MOD                                            Ok
 Extracting  SYM_DB.SRC\TEOEVENT.MOD                                  Ok
 Extracting  SYM_DB.SRC\TEO_NADA.MOD                                  Ok
 Extracting  TESTY\TESTDE.MOD                                         Ok
 Extracting  TESTY\TESTEPSO.MOD                                       Ok
 Extracting  TESTY\TESTFILE.MOD                                       Ok
 Extracting  TESTY\TESTGEO.MOD                                        Ok
 Extracting  TESTY\TEST_REL.MOD                                       Ok
 Extracting  SYM_DB.SRC\TVISION.SRC\TEXTS.MOD                         Ok
 Extracting  TESTY\TGS.MOD                                            Ok
 Extracting  SRC\THEODOLI.MOD                                         Ok
 Extracting  TESTY\THEODOLI.MOD                                       Ok
 Extracting  TESTY\THG.MOD                                            Ok
 Extracting  TESTY\TIMER.MOD                                          Ok
 Extracting  SRC\TIMER.MOD                                            Ok
 Extracting  TESTY\TLP.MOD                                            Ok
 Extracting  TESTY\TRACE_MA.MOD                                       Ok
 Extracting  TESTY\TSEM.MOD                                           Ok
 Extracting  TESTY\TSP.MOD                                            Ok
 Extracting  SYM_DB.SRC\TVISION.SRC\TST.MOD                           Ok
 Extracting  TESTY\TSTBRODE.MOD                                       Ok
 Extracting  TESTY\TSTBUTO2.MOD                                       Ok
 Extracting  TESTY\TSTBUTON.MOD                                       Ok
 Extracting  TESTY\TSTDACQU.MOD                                       Ok
 Extracting  TESTY\TSTDGHBT.MOD                                       Ok
 Extracting  TESTY\TSTDGHIN.MOD                                       Ok
 Extracting  TESTY\TSTESTEP.MOD                                       Ok
 Extracting  TESTY\TSTFILE.MOD                                        Ok
 Extracting  TESTY\TSTFIO.MOD                                         Ok
 Extracting  TESTY\TSTFLG.MOD                                         Ok
 Extracting  TESTY\TSTGEO.MOD                                         Ok
 Extracting  TESTY\TSTGPS.MOD                                         Ok
 Extracting  TESTY\TSTGPSS.MOD                                        Ok
 Extracting  TESTY\TSTGT.MOD                                          Ok
 Extracting  TESTY\TSTHMT.MOD                                         Ok
 Extracting  TESTY\TSTICP.MOD                                         Ok
 Extracting  TESTY\TSTINI.MOD                                         Ok
 Extracting  SYM_DB.SRC\TSTINI.MOD                                    Ok
 Extracting  TESTY\TSTINPL.MOD                                        Ok
 Extracting  TESTY\TSTMENU.MOD                                        Ok
 Extracting  TESTY\TSTMT.MOD                                          Ok
 Extracting  TESTY\TSTNAV.MOD                                         Ok
 Extracting  TESTY\TSTNAVGP.MOD                                       Ok
 Extracting  TESTY\TSTPMD.MOD                                         Ok
 Extracting  TESTY\TSTPROCE.MOD                                       Ok
 Extracting  TESTY\TSTQ.MOD                                           Ok
 Extracting  TESTY\TSTS.MOD                                           Ok
 Extracting  TESTY\TSTSAM.MOD                                         Ok
 Extracting  TESTY\TSTSOFIH.MOD                                       Ok
 Extracting  TESTY\TSTST.MOD                                          Ok
 Extracting  TESTY\TSTSTORA.MOD                                       Ok
 Extracting  TESTY\TSTTEO.MOD                                         Ok
 Extracting  TESTY\TSTTHG.MOD                                         Ok
 Extracting  TESTY\TSTTIMER.MOD                                       Ok
 Extracting  TESTY\TSTTTM.MOD                                         Ok
 Extracting  TESTY\TSTTUNE.MOD                                        Ok
 Extracting  TESTY\TSTTW.MOD                                          Ok
 Extracting  TESTY\TSTVESA.MOD                                        Ok
 Extracting  TESTY\TSTVIEWE.MOD                                       Ok
 Extracting  TESTY\TSTXMS.MOD                                         Ok
 Extracting  TESTY\TST_ALTI.MOD                                       Ok
 Extracting  TESTY\TST_ANAL.MOD                                       Ok
 Extracting  TESTY\TST_AVRO.MOD                                       Ok
 Extracting  TESTY\TST_AZ.MOD                                         Ok
 Extracting  TESTY\TST_AZ0.MOD                                        Ok
 Extracting  TESTY\TST_BEND.MOD                                       Ok
 Extracting  TESTY\TST_CLEA.MOD                                       Ok
 Extracting  TESTY\TST_CLOC.MOD                                       Ok
 Extracting  TESTY\TST_DGH.MOD                                        Ok
 Extracting  TESTY\TST_EVAL.MOD                                       Ok
 Extracting  TESTY\TST_FLGA.MOD                                       Ok
 Extracting  TESTY\TST_GPGG.MOD                                       Ok
 Extracting  TESTY\TST_INTE.MOD                                       Ok
 Extracting  TESTY\TST_KALI.MOD                                       Ok
 Extracting  TESTY\TST_SWCH.MOD                                       Ok
 Extracting  TESTY\TST_VORB.MOD                                       Ok
 Extracting  TESTY\TST_ZONE.MOD                                       Ok
 Extracting  TESTY\TT.MOD                                             Ok
 Extracting  SRC\TUNE.MOD                                             Ok
 Extracting  SYM_DB.SRC\TUNE.MOD                                      Ok
 Extracting  SYM_DB.SRC\TVISION.SRC\TVG.MOD                           Ok
 Extracting  SYM_DB.SRC\TVISION.SRC\TVG1.MOD                          Ok
 Extracting  SYM_DB.SRC\TVISION.SRC\TVGUID03.MOD                      Ok
 Extracting  TESTY\TVP.MOD                                            Ok
 Extracting  SYM_DB.SRC\TVISION.SRC\TVTEXT.MOD                        Ok
 Extracting  TESTY\TW.MOD                                             Ok
 Extracting  TESTY\TZ.MOD                                             Ok
 Extracting  TESTY\TZL.MOD                                            Ok
 Extracting  TESTY\TZV.MOD                                            Ok
 Extracting  TRS.SRC\T_INSPEK.MOD                                     Ok
 Extracting  TRS.SRC\T_OBLOT.MOD                                      Ok
 Extracting  TESTY\UZ.MOD                                             Ok
 Extracting  TESTY\VESA.MOD                                           Ok
 Extracting  SYM_DB.SRC\VHF_DATA.MOD                                  Ok
 Extracting  SYM_DB.SRC\TVISION.SRC\VIEWS.MOD                         Ok
 Extracting  SYM_DB.SRC\VORFLIGH.MOD                                  Ok
 Extracting  VOR.SRC\VORO_AVR.MOD                                     Ok
 Extracting  VOR.SRC\VORPRINT.MOD                                     Ok
 Extracting  VOR.SRC\VORR_AVE.MOD                                     Ok
 Extracting  SYM_DB.SRC\VOR_DATA.MOD                                  Ok
 Extracting  VOR.SRC\V_ALL.MOD                                        Ok
 Extracting  VOR.SRC\V_COMMON.MOD                                     Ok
 Extracting  VOR.SRC\V_COUNT.MOD                                      Ok
 Extracting  VOR.SRC\V_CP_CON.MOD                                     Ok
 Extracting  VOR.SRC\V_DACQUI.MOD                                     Ok
 Creating    VOR.ARC                                                  Ok
 Extracting  VOR.ARC\V_DACQUI.MOD                                     Ok
 Extracting  VOR.SRC\V_DATABA.MOD                                     Ok
 Extracting  VOR.SRC\V_DISRES.MOD                                     Ok
 Extracting  VOR.SRC\V_FILES.MOD                                      Ok
 Extracting  VOR.SRC\V_OBLOT.MOD                                      Ok
 Extracting  VOR.SRC\V_ODB.MOD                                        Ok
 Extracting  VOR.SRC\V_RESULT.MOD                                     Ok
 Extracting  VOR.SRC\V_SLUPEK.MOD                                     Ok
 Extracting  SYM_DB.SRC\WARN.MOD                                      Ok
 Extracting  SYM_DB.SRC\TVISION.SRC\WINDS.MOD                         Ok
 Extracting  SYM_DB.SRC\WKOLKO.MOD                                    Ok
 Extracting  SRC\WORSEBEC.MOD                                         Ok
 Extracting  SRC\WROC.MOD                                             Ok
 Extracting  SRC\WYKRES.MOD                                           Ok
 Extracting  TESTY\XMS.MOD                                            Ok
 Extracting  SRC\XMSSERVI.MOD                                         Ok
 Extracting  SRC\XMSTABLE.MOD                                         Ok
 Extracting  TESTY\XMSZAS.MOD                                         Ok
 Extracting  SYM_DB.SRC\ZN.MOD                                        Ok
 Extracting  SRC.ARC\ZOOM.MOD                                         Ok
 Extracting  SRC.ARC\ZOOMINTE.MOD                                     Ok
 Skipping    TRTS\CONFIG.RTS                                         
 Skipping    SRC\MANAGER.VER                                         
 Extracting  DO_WYJAS.!!!                                             Ok
 Extracting  VERSION.!!!                                              Ok
 Extracting  DATABASE.EXE                                             Ok
 Creating    RECYCLED                                                 Ok
 Extracting  RECYCLED\DESKTOP.INI                                     Ok
 Extracting  DGH.INI                                                  Ok
 Skipping    GS\INFO.INI                                             
 Skipping    NDB\INFO.INI                                            
 Skipping    VOR\INFO.INI                                            
 Skipping    TRS\INFO.INI                                            
 Skipping    ILS\INFO.INI                                            
 Skipping    VHF\INFO.INI                                            
 Extracting  KALIBRAC.INI                                             Ok
 Extracting  LOTNLIST.INI                                             Ok
 Skipping    SYM_DB.SRC\LOTNLIST.INI                                 
 Extracting  M2ASSIST.INI                                             Ok
 Skipping    SRC\M2ASSIST.INI                                        
 Extracting  NCCLEAN.INI                                              Ok
 Skipping    SYM_DB.SRC\NDBLIST.INI                                  
 Extracting  NDBLIST.INI                                              Ok
 Extracting  ODP.INI                                                  Ok
 Skipping    SYM_DB.SRC\ODP.INI                                      
 Extracting  PT.INI                                                   Ok
 Extracting  LOC.SRC\PT.INI                                           Ok
 Skipping    SRC\PT.INI                                              
 Extracting  PTLOCAL.INI                                              Ok
 Skipping    SYM_DB.SRC\SHELL.INI                                    
 Skipping    SYM_DB.SRC\SYMULATO.INI                                 
 Skipping    SYM_DB.SRC\T1.INI                                       
 Extracting  VHFLIST.INI                                              Ok
 Skipping    SYM_DB.SRC\VHFLIST.INI                                  
 Skipping    SYM_DB.SRC\VORLIST.INI                                  
 Extracting  VORLIST.INI                                              Ok
 Extracting  WSKAZNIK.INI                                             Ok
 Extracting  LIB\M2RTS.LIB                                            Ok
 Extracting  SYM_DB.SRC\TV.LIB                                        Ok
 Extracting  LIBRARY.MAK                                              Ok
 Extracting  SRC\XMS.OBJ                                              Ok
 Extracting  OPT_LINK.PAT                                             Ok
 Extracting  PATTERN.PAT                                              Ok
 Extracting  ZNAKI.PL                                                 Ok
 Skipping    SYM_DB.SRC\DATABASE.PR                                  
 Skipping    SYM_DB.SRC\GPS.PR                                       
 Skipping    SYM_DB.SRC\SH.PR                                        
 Skipping    SYM_DB.SRC\SHELL.PR                                     
 Skipping    SYM_DB.SRC\SHELLDLL.PR                                  
 Skipping    SYM_DB.SRC\SYMULATO.PR                                  
 Skipping    SYM_DB.SRC\TSTINI.PR                                    
 Skipping    SYM_DB.SRC\TVISION.SRC\TV.PR                            
 Skipping    SYM_DB.SRC\TVISION.SRC\TVD.PR                           
 Skipping    SYM_DB.SRC\WKOLKO.PR                                    
 Skipping    SYM_DB.SRC\ZN.PR                                        
 Extracting  SRC\RTSMONEX.SYM                                         Ok
 Extracting  SRC\XMS.SYM                                              Ok
 All OK
